[13.068s] DEBUG:colcon:Command line arguments: ['/usr/bin/colcon', 'list', '-p', '--base-paths', '/home/hiroaki-k4/my_project/js_learn']
[13.068s] DEBUG:colcon:Parsed command line arguments: Namespace(base_paths=['/home/hiroaki-k4/my_project/js_learn'], build_base='build', ignore_user_meta=False, log_base=None, log_level=None, main=<bound method ListVerb.main of <colcon_package_information.verb.list.ListVerb object at 0x7f57c1be1a30>>, metas=['./colcon.meta'], names_only=False, packages_above=None, packages_above_and_dependencies=None, packages_above_depth=None, packages_end=None, packages_ignore=None, packages_ignore_regex=None, packages_select=None, packages_select_build_failed=False, packages_select_by_dep=None, packages_select_regex=None, packages_select_test_failures=False, packages_skip=None, packages_skip_build_finished=False, packages_skip_by_dep=None, packages_skip_regex=None, packages_skip_test_passed=False, packages_skip_up_to=None, packages_start=None, packages_up_to=None, packages_up_to_regex=None, paths=None, paths_only=True, topological_graph=False, topological_graph_density=False, topological_graph_dot=False, topological_graph_dot_cluster=False, topological_graph_dot_include_skipped=False, topological_graph_legend=False, topological_order=False, verb_extension=<colcon_package_information.verb.list.ListVerb object at 0x7f57c1be1a30>, verb_name='list', verb_parser=<colcon_defaults.argument_parser.defaults.DefaultArgumentsDecorator object at 0x7f57c1ada3d0>)
[36.121s] Level 1:colcon.colcon_core.package_discovery:discover_packages(colcon_meta) check parameters
[36.121s] Level 1:colcon.colcon_core.package_discovery:discover_packages(recursive) check parameters
[36.121s] Level 1:colcon.colcon_core.package_discovery:discover_packages(ignore) check parameters
[36.121s] Level 1:colcon.colcon_core.package_discovery:discover_packages(path) check parameters
[36.121s] Level 1:colcon.colcon_core.package_discovery:discover_packages(recursive) discover
[36.121s] INFO:colcon.colcon_core.package_discovery:Crawling recursively for packages in '/home/hiroaki-k4/my_project/js_learn'
[36.121s] Level 1:colcon.colcon_core.package_identification:_identify(/home/hiroaki-k4/my_project/js_learn) by extensions ['ignore', 'ignore_ament_install']
[36.122s] Level 1:colcon.colcon_core.package_identification:_identify(/home/hiroaki-k4/my_project/js_learn) by extension 'ignore'
[36.122s] Level 1:colcon.colcon_core.package_identification:_identify(/home/hiroaki-k4/my_project/js_learn) by extension 'ignore_ament_install'
[36.122s] Level 1:colcon.colcon_core.package_identification:_identify(/home/hiroaki-k4/my_project/js_learn) by extensions ['colcon_pkg']
[36.122s] Level 1:colcon.colcon_core.package_identification:_identify(/home/hiroaki-k4/my_project/js_learn) by extension 'colcon_pkg'
[36.122s] Level 1:colcon.colcon_core.package_identification:_identify(/home/hiroaki-k4/my_project/js_learn) by extensions ['colcon_meta']
[36.122s] Level 1:colcon.colcon_core.package_identification:_identify(/home/hiroaki-k4/my_project/js_learn) by extension 'colcon_meta'
[36.122s] Level 1:colcon.colcon_core.package_identification:_identify(/home/hiroaki-k4/my_project/js_learn) by extensions ['ros']
[36.122s] Level 1:colcon.colcon_core.package_identification:_identify(/home/hiroaki-k4/my_project/js_learn) by extension 'ros'
[36.185s] Level 1:colcon.colcon_core.package_identification:_identify(/home/hiroaki-k4/my_project/js_learn) by extensions ['cmake', 'python']
[36.185s] Level 1:colcon.colcon_core.package_identification:_identify(/home/hiroaki-k4/my_project/js_learn) by extension 'cmake'
[36.185s] Level 1:colcon.colcon_core.package_identification:_identify(/home/hiroaki-k4/my_project/js_learn) by extension 'python'
[36.185s] Level 1:colcon.colcon_core.package_identification:_identify(/home/hiroaki-k4/my_project/js_learn) by extensions ['python_setup_py']
[36.185s] Level 1:colcon.colcon_core.package_identification:_identify(/home/hiroaki-k4/my_project/js_learn) by extension 'python_setup_py'
[36.185s] Level 1:colcon.colcon_core.package_identification:_identify(/home/hiroaki-k4/my_project/js_learn/log) by extensions ['ignore', 'ignore_ament_install']
[36.185s] Level 1:colcon.colcon_core.package_identification:_identify(/home/hiroaki-k4/my_project/js_learn/log) by extension 'ignore'
[36.185s] Level 1:colcon.colcon_core.package_identification:_identify(/home/hiroaki-k4/my_project/js_learn/log) ignored
[36.186s] Level 1:colcon.colcon_core.package_discovery:discover_packages(recursive) using defaults
